2024-05-19 23:13:15,257 [ 1] INFO  Unity: LoadingManager start
2024-05-19 23:13:53,634 [ 1] INFO  Unity: UserRegisterRequest::user :user123 psw:1234
2024-05-19 23:13:53,636 [ 1] INFO  Unity: ConnectToServer() Start 
2024-05-19 23:13:53,637 [ 1] INFO  Unity: DoConnect
2024-05-19 23:13:53,639 [ 1] INFO  Unity: NetClient.DoConnect on 127.0.0.1:8000
2024-05-19 23:13:53,640 [ 1] INFO  Unity: Connect[0] to server 127.0.0.1:8000

2024-05-19 23:13:53,645 [ 1] INFO  Unity: LoadingMesager::OnGameServerConnect :0 reason:Success
2024-05-19 23:13:55,904 [ 1] INFO  Unity: OnUserRegister:Success [None]
2024-05-19 23:28:24,102 [ 1] INFO  Unity: ProcessReceive exception:System.Net.Sockets.SocketException: 远程主机强迫关闭了一个现有的连接。

  at System.Net.Sockets.Socket.Receive (System.Byte[] buffer, Int32 offset, Int32 size, SocketFlags flags) [0x00000] in <filename unknown>:0 
  at Network.NetClient.ProcessRecv () [0x00084] in C:\MMORPG\ExtremeWorldMMORPG\Src\Client\Assets\Scripts\Network\NetClient.cs:340 

2024-05-19 23:28:24,104 [ 1] WARN  Unity: CloseConnection(), errorCode: 1001
UnityEngine.Debug:LogWarning(Object)
Network.NetClient:CloseConnection(Int32) (at Assets/Scripts/Network/NetClient.cs:180)
Network.NetClient:ProcessRecv() (at Assets/Scripts/Network/NetClient.cs:354)
Network.NetClient:Update() (at Assets/Scripts/Network/NetClient.cs:434)

2024-05-19 23:28:24,108 [ 1] INFO  Unity: DoConnect
2024-05-19 23:28:24,108 [ 1] INFO  Unity: NetClient.DoConnect on 127.0.0.1:8000
2024-05-19 23:28:24,110 [ 1] INFO  Unity: Connect[0] to server 127.0.0.1:8000

2024-05-19 23:28:26,138 [ 1] WARN  Unity: CloseConnection(), errorCode: 1005
UnityEngine.Debug:LogWarning(Object)
Network.NetClient:CloseConnection(Int32) (at Assets/Scripts/Network/NetClient.cs:180)
Network.NetClient:DoConnect() (at Assets/Scripts/Network/NetClient.cs:274)
Network.NetClient:Connect(Int32) (at Assets/Scripts/Network/NetClient.cs:169)
Network.NetClient:KeepConnect() (at Assets/Scripts/Network/NetClient.cs:315)
Network.NetClient:Update() (at Assets/Scripts/Network/NetClient.cs:432)

2024-05-19 23:28:26,142 [ 1] ERROR Unity: DoConnect SocketException:[10061,ConnectionRefused,10061]System.Net.Sockets.SocketException: 由于目标计算机积极拒绝，无法连接。

  at System.Net.Sockets.Socket.Connect (System.Net.EndPoint remoteEP, Boolean requireSocketPolicy) [0x00000] in <filename unknown>:0 
  at System.Net.Sockets.Socket+Worker.Connect () [0x00000] in <filename unknown>:0  
UnityEngine.Debug:LogErrorFormat(String, Object[])
Network.NetClient:DoConnect() (at Assets/Scripts/Network/NetClient.cs:276)
Network.NetClient:Connect(Int32) (at Assets/Scripts/Network/NetClient.cs:169)
Network.NetClient:KeepConnect() (at Assets/Scripts/Network/NetClient.cs:315)
Network.NetClient:Update() (at Assets/Scripts/Network/NetClient.cs:432)

2024-05-19 23:28:26,150 [ 1] INFO  Unity: DoConnect
2024-05-19 23:28:26,151 [ 1] INFO  Unity: NetClient.DoConnect on 127.0.0.1:8000
2024-05-19 23:28:26,152 [ 1] INFO  Unity: Connect[1] to server 127.0.0.1:8000

2024-05-19 23:28:28,196 [ 1] WARN  Unity: CloseConnection(), errorCode: 1005
UnityEngine.Debug:LogWarning(Object)
Network.NetClient:CloseConnection(Int32) (at Assets/Scripts/Network/NetClient.cs:180)
Network.NetClient:DoConnect() (at Assets/Scripts/Network/NetClient.cs:274)
Network.NetClient:Connect(Int32) (at Assets/Scripts/Network/NetClient.cs:169)
Network.NetClient:KeepConnect() (at Assets/Scripts/Network/NetClient.cs:315)
Network.NetClient:Update() (at Assets/Scripts/Network/NetClient.cs:432)

2024-05-19 23:28:28,198 [ 1] ERROR Unity: DoConnect SocketException:[10061,ConnectionRefused,10061]System.Net.Sockets.SocketException: 由于目标计算机积极拒绝，无法连接。

  at System.Net.Sockets.Socket.Connect (System.Net.EndPoint remoteEP, Boolean requireSocketPolicy) [0x00000] in <filename unknown>:0 
  at System.Net.Sockets.Socket+Worker.Connect () [0x00000] in <filename unknown>:0  
UnityEngine.Debug:LogErrorFormat(String, Object[])
Network.NetClient:DoConnect() (at Assets/Scripts/Network/NetClient.cs:276)
Network.NetClient:Connect(Int32) (at Assets/Scripts/Network/NetClient.cs:169)
Network.NetClient:KeepConnect() (at Assets/Scripts/Network/NetClient.cs:315)
Network.NetClient:Update() (at Assets/Scripts/Network/NetClient.cs:432)

2024-05-19 23:28:28,208 [ 1] INFO  Unity: DoConnect
2024-05-19 23:28:28,208 [ 1] INFO  Unity: NetClient.DoConnect on 127.0.0.1:8000
2024-05-19 23:28:28,209 [ 1] INFO  Unity: Connect[2] to server 127.0.0.1:8000

2024-05-19 23:28:30,221 [ 1] WARN  Unity: CloseConnection(), errorCode: 1005
UnityEngine.Debug:LogWarning(Object)
Network.NetClient:CloseConnection(Int32) (at Assets/Scripts/Network/NetClient.cs:180)
Network.NetClient:DoConnect() (at Assets/Scripts/Network/NetClient.cs:274)
Network.NetClient:Connect(Int32) (at Assets/Scripts/Network/NetClient.cs:169)
Network.NetClient:KeepConnect() (at Assets/Scripts/Network/NetClient.cs:315)
Network.NetClient:Update() (at Assets/Scripts/Network/NetClient.cs:432)

2024-05-19 23:28:30,222 [ 1] ERROR Unity: DoConnect SocketException:[10061,ConnectionRefused,10061]System.Net.Sockets.SocketException: 由于目标计算机积极拒绝，无法连接。

  at System.Net.Sockets.Socket.Connect (System.Net.EndPoint remoteEP, Boolean requireSocketPolicy) [0x00000] in <filename unknown>:0 
  at System.Net.Sockets.Socket+Worker.Connect () [0x00000] in <filename unknown>:0  
UnityEngine.Debug:LogErrorFormat(String, Object[])
Network.NetClient:DoConnect() (at Assets/Scripts/Network/NetClient.cs:276)
Network.NetClient:Connect(Int32) (at Assets/Scripts/Network/NetClient.cs:169)
Network.NetClient:KeepConnect() (at Assets/Scripts/Network/NetClient.cs:315)
Network.NetClient:Update() (at Assets/Scripts/Network/NetClient.cs:432)

2024-05-19 23:28:30,222 [ 1] INFO  Unity: LoadingMesager::OnGameServerConnect :1 reason:Cannot connect to server
2024-05-20 00:06:17,466 [ 1] INFO  Unity: OnDestroy NetworkManager.
2024-05-20 00:06:17,466 [ 1] WARN  Unity: CloseConnection(), errorCode: 1007
UnityEngine.Debug:LogWarning(Object)
Network.NetClient:CloseConnection(Int32) (at Assets/Scripts/Network/NetClient.cs:180)
Network.NetClient:OnDestroy() (at Assets/Scripts/Network/NetClient.cs:175)

